This is pdfTeXk, Version 3.1415926-1.40.9 (Web2C 7.5.7) (format=pdflatex 2009.9.11)  22 JAN 2010 19:10
entering extended mode
\write18 enabled.
 %&-line parsing enabled.
**user-guide.tex
(./user-guide.tex
LaTeX2e <2005/12/01>
Babel <v3.8l> and hyphenation patterns for english, usenglishmax, dumylang, noh
yphenation, german-x-2008-06-18, ngerman-x-2008-06-18, ancientgreek, ibycus, ar
abic, basque, bulgarian, catalan, pinyin, coptic, croatian, czech, danish, dutc
h, esperanto, estonian, farsi, finnish, french, galician, german, ngerman, mono
greek, greek, hungarian, icelandic, indonesian, interlingua, irish, italian, la
tin, lithuanian, mongolian, mongolian2a, bokmal, nynorsk, polish, portuguese, r
omanian, russian, sanskrit, serbian, slovak, slovenian, spanish, swedish, turki
sh, ukenglish, ukrainian, uppersorbian, welsh, loaded.
(/usr/local/texlive/2008/texmf-dist/tex/latex/base/report.cls
Document Class: report 2005/09/16 v1.4f Standard LaTeX document class
(/usr/local/texlive/2008/texmf-dist/tex/latex/base/size11.clo
File: size11.clo 2005/09/16 v1.4f Standard LaTeX file (size option)
)
\c@part=\count79
\c@chapter=\count80
\c@section=\count81
\c@subsection=\count82
\c@subsubsection=\count83
\c@paragraph=\count84
\c@subparagraph=\count85
\c@figure=\count86
\c@table=\count87
\abovecaptionskip=\skip41
\belowcaptionskip=\skip42
\bibindent=\dimen102
)
(/usr/local/texlive/2008/texmf-dist/tex/latex/graphics/graphicx.sty
Package: graphicx 1999/02/16 v1.0f Enhanced LaTeX Graphics (DPC,SPQR)

(/usr/local/texlive/2008/texmf-dist/tex/latex/graphics/keyval.sty
Package: keyval 1999/03/16 v1.13 key=value parser (DPC)
\KV@toks@=\toks14
)
(/usr/local/texlive/2008/texmf-dist/tex/latex/graphics/graphics.sty
Package: graphics 2006/02/20 v1.0o Standard LaTeX Graphics (DPC,SPQR)

(/usr/local/texlive/2008/texmf-dist/tex/latex/graphics/trig.sty
Package: trig 1999/03/16 v1.09 sin cos tan (DPC)
)
(/usr/local/texlive/2008/texmf/tex/latex/config/graphics.cfg
File: graphics.cfg 2007/01/18 v1.5 graphics configuration of teTeX/TeXLive
)
Package graphics Info: Driver file: pdftex.def on input line 90.

(/usr/local/texlive/2008/texmf-dist/tex/latex/pdftex-def/pdftex.def
File: pdftex.def 2008/09/08 v0.04l Graphics/color for pdfTeX
\Gread@gobject=\count88
))
\Gin@req@height=\dimen103
\Gin@req@width=\dimen104
)
(./user-guide.aux (./what-is-tuprolog/what-is-tuprolog.aux)
(./installing-tuprolog/installing-tuprolog.aux)
(./getting-started/getting-started.aux) (./tuprolog-basics/tuprolog-basics.aux)
(./tuprolog-libraries/tuprolog-libraries.aux) (./java-library/java-library.aux)
(./related-documents/related-documents.aux))
\openout1 = `user-guide.aux'.

LaTeX Font Info:    Checking defaults for OML/cmm/m/it on input line 105.
LaTeX Font Info:    ... okay on input line 105.
LaTeX Font Info:    Checking defaults for T1/cmr/m/n on input line 105.
LaTeX Font Info:    ... okay on input line 105.
LaTeX Font Info:    Checking defaults for OT1/cmr/m/n on input line 105.
LaTeX Font Info:    ... okay on input line 105.
LaTeX Font Info:    Checking defaults for OMS/cmsy/m/n on input line 105.
LaTeX Font Info:    ... okay on input line 105.
LaTeX Font Info:    Checking defaults for OMX/cmex/m/n on input line 105.
LaTeX Font Info:    ... okay on input line 105.
LaTeX Font Info:    Checking defaults for U/cmr/m/n on input line 105.
LaTeX Font Info:    ... okay on input line 105.

(/usr/local/texlive/2008/texmf-dist/tex/context/base/supp-pdf.tex
[Loading MPS to PDF converter (version 2006.09.02).]
\scratchcounter=\count89
\scratchdimen=\dimen105
\scratchbox=\box26
\nofMPsegments=\count90
\nofMParguments=\count91
\everyMPshowfont=\toks15
\MPscratchCnt=\count92
\MPscratchDim=\dimen106
\MPnumerator=\count93
\everyMPtoPDFconversion=\toks16
) <images/logo.png, id=1, 182.6825pt x 199.74625pt>
File: images/logo.png Graphic file (type png)
 <use images/logo.png>
LaTeX Font Info:    External font `cmex10' loaded for size
(Font)              <12> on input line 109.
LaTeX Font Info:    External font `cmex10' loaded for size
(Font)              <8> on input line 109.
LaTeX Font Info:    External font `cmex10' loaded for size
(Font)              <6> on input line 109.

[1

{/usr/local/texlive/2008/texmf-var/fonts/map/pdftex/updmap/pdftex.map} <./image
s/logo.png>] (./user-guide.toc
LaTeX Font Info:    External font `cmex10' loaded for size
(Font)              <10.95> on input line 4.
 [1

])
\tf@toc=\write3
\openout3 = `user-guide.toc'.

 [2]
\openout2 = `what-is-tuprolog/what-is-tuprolog.aux'.


(./what-is-tuprolog/what-is-tuprolog.tex
Chapter 1.

Overfull \hbox (18.71841pt too wide) in paragraph at lines 42--62
\OT1/cmr/m/n/10.95 step the most suit-able paradigm --- ei-ther declar-a-tive/l
ogic or imperative/object-
 []

[3


]

LaTeX Warning: Citation `respect-scico2001' on page 4 undefined on input line 7
4.


LaTeX Warning: Citation `luce-aamas2001' on page 4 undefined on input line 78.


LaTeX Warning: Citation `tucson-aamas99' on page 4 undefined on input line 78.

LaTeX Font Info:    External font `cmex10' loaded for size
(Font)              <9> on input line 81.
LaTeX Font Info:    External font `cmex10' loaded for size
(Font)              <5> on input line 81.
) [4]
\openout2 = `installing-tuprolog/installing-tuprolog.aux'.

 (./installing-tuprolog/installing-tuprolog.tex
Chapter 2.

Underfull \hbox (badness 10000) in paragraph at lines 6--24

 []


Underfull \hbox (badness 10000) in paragraph at lines 6--24

 []

LaTeX Font Info:    Try loading font information for OMS+cmr on input line 38.
(/usr/local/texlive/2008/texmf-dist/tex/latex/base/omscmr.fd
File: omscmr.fd 1999/05/25 v2.5h Standard LaTeX font definitions
)
LaTeX Font Info:    Font shape `OMS/cmr/m/n' in size <10.95> not available
(Font)              Font shape `OMS/cmsy/m/n' tried instead on input line 38.
 [5



]
LaTeX Font Info:    Try loading font information for OMS+cmtt on input line 73.

LaTeX Font Info:    No file OMScmtt.fd. on input line 73.


LaTeX Font Warning: Font shape `OMS/cmtt/m/n' undefined
(Font)              using `OMS/cmsy/m/n' instead
(Font)              for symbol `textbackslash' on input line 73.


Underfull \hbox (badness 10000) in paragraph at lines 68--103

 []


Underfull \hbox (badness 10000) in paragraph at lines 68--103

 []


Underfull \hbox (badness 10000) in paragraph at lines 68--103

 []


Underfull \hbox (badness 10000) in paragraph at lines 68--103

 []

[6]
Underfull \hbox (badness 10000) in paragraph at lines 103--116

 []


Underfull \hbox (badness 10000) in paragraph at lines 103--116

 []


Underfull \hbox (badness 10000) in paragraph at lines 116--128

 []


Underfull \hbox (badness 10000) in paragraph at lines 116--128

 []

) [7]
\openout2 = `getting-started/getting-started.aux'.

 (./getting-started/getting-started.tex
Chapter 3.

Underfull \hbox (badness 10000) in paragraph at lines 13--26

 []


Underfull \hbox (badness 10000) in paragraph at lines 13--26

 []


Underfull \hbox (badness 10000) in paragraph at lines 29--36

 []


Underfull \hbox (badness 10000) in paragraph at lines 29--36

 []

[8



]
Underfull \hbox (badness 10000) in paragraph at lines 44--49

 []


Underfull \hbox (badness 10000) in paragraph at lines 44--49

 []


Underfull \hbox (badness 10000) in paragraph at lines 54--67

 []


Underfull \hbox (badness 10000) in paragraph at lines 54--67

 []


Underfull \hbox (badness 10000) in paragraph at lines 68--75

 []


Underfull \hbox (badness 10000) in paragraph at lines 68--75

 []

)
Underfull \hbox (badness 10000) in paragraph at lines 76--115

 []


Underfull \hbox (badness 10000) in paragraph at lines 76--115

 []

[9] [10]
\openout2 = `tuprolog-basics/tuprolog-basics.aux'.

 (./tuprolog-basics/tuprolog-basics.tex
Chapter 4.
[11



] [12] [13] [14]

LaTeX Warning: Reference `ch:howto-develop-libraries' on page 15 undefined on i
nput line 190.

[15]
LaTeX Font Info:    Font shape `OT1/cmtt/bx/n' in size <10.95> not available
(Font)              Font shape `OT1/cmtt/m/n' tried instead on input line 212.
 [16] [17] [18]
Overfull \hbox (6.54764pt too wide) in paragraph at lines 413--421
\OT1/cmtt/m/n/10.95 flag(FlagName, ValidValuesList, DefaultValue, IsModifiable)

 []


Overfull \hbox (14.24553pt too wide) in paragraph at lines 413--421
\OT1/cmtt/m/n/10.95 DefaultValue \OT1/cmr/m/n/10.95 as de-fault value, and that
 can be mod-i-fied if \OT1/cmtt/m/n/10.95 IsModifiable
 []

[19]
Overfull \hbox (1.74586pt too wide) in paragraph at lines 430--437
\OT1/cmtt/m/n/10.95 load[]library(LibraryName) \OT1/cmr/m/n/10.95 is a valid di
-rec-tive if true if \OT1/cmtt/m/n/10.95 LibraryName
 []

) [20]
\openout2 = `tuprolog-libraries/tuprolog-libraries.aux'.

 (./tuprolog-libraries/tuprolog-libraries.tex
Chapter 5.
[21



]
Overfull \hbox (8.00294pt too wide) in paragraph at lines 84--88
[]\OT1/cmr/m/n/10.95 (class \OT1/cmtt/m/n/10.95 alice.tuprolog.lib.BasicLibrary
\OT1/cmr/m/n/10.95 ) | pro-vides com-
 []


LaTeX Warning: Citation `iso95' on page 22 undefined on input line 97.

[22] [23] [24]
Overfull \hbox (28.8154pt too wide) in paragraph at lines 219--225
\OT1/cmtt/m/n/10.95 text[]concat(TextSource1, TextSource2, TextDest) \OT1/cmr/m
/n/10.95 is true iff \OT1/cmtt/m/n/10.95 TextDest
 []


Overfull \hbox (9.65279pt too wide) in paragraph at lines 219--225
\OT1/cmr/m/n/10.95 is the text re-sult-ing by ap-pend-ing the text \OT1/cmtt/m/
n/10.95 TestSource2 \OT1/cmr/m/n/10.95 to \OT1/cmtt/m/n/10.95 TextSource1\OT1/c
mr/m/n/10.95 _ 
 []


LaTeX Warning: Citation `ss94' on page 25 undefined on input line 240.

[25] [26]

LaTeX Warning: Citation `iso95' on page 27 undefined on input line 354.

[27] [28] [29]
Overfull \hbox (23.46225pt too wide) in paragraph at lines 527--533
\OT1/cmr/m/n/10.95 can be ob-tained by re-mov-ing the el-e-ment \OT1/cmtt/m/n/1
0.95 Element \OT1/cmr/m/n/10.95 from the list \OT1/cmtt/m/n/10.95 ListSource\OT
1/cmr/m/n/10.95 . 
 []


Overfull \hbox (24.64642pt too wide) in paragraph at lines 533--539
\OT1/cmtt/m/n/10.95 element(Position, List, Element) \OT1/cmr/m/n/10.95 is true
 iff \OT1/cmtt/m/n/10.95 Element \OT1/cmr/m/n/10.95 is the \OT1/cmtt/m/n/10.95 
Position\OT1/cmr/m/n/10.95 th
 []


Overfull \hbox (47.6711pt too wide) in paragraph at lines 539--545
\OT1/cmtt/m/n/10.95 quicksort(List, ComparisonPredicate, SortedList) \OT1/cmr/m
/n/10.95 is true iff \OT1/cmtt/m/n/10.95 SortedList
 []


Overfull \hbox (15.88808pt too wide) in paragraph at lines 539--545
\OT1/cmr/m/n/10.95 is the list \OT1/cmtt/m/n/10.95 List \OT1/cmr/m/n/10.95 sort
ed by the com-par-i-son pred-i-cate \OT1/cmtt/m/n/10.95 ComparisonPredicate\OT1
/cmr/m/n/10.95 . 
 []

[30]
LaTeX Font Info:    External font `cmex10' loaded for size
(Font)              <7> on input line 564.

Overfull \hbox (3.04698pt too wide) in paragraph at lines 565--565
[]\OT1/cmtt/m/n/10 Assoc.| 
 []


LaTeX Warning: `h' float specifier changed to `ht'.

[31] [32]
Overfull \hbox (17.31802pt too wide) in paragraph at lines 684--691
\OT1/cmtt/m/n/10.95 sub[]atom(Atom, Before, Length, After, SubAtom) \OT1/cmr/m/
n/10.95 is true iff \OT1/cmtt/m/n/10.95 SubAtom
 []


Overfull \hbox (14.84494pt too wide) in paragraph at lines 684--691
\OT1/cmr/m/n/10.95 char-ac-ters pre-ced-ing it and \OT1/cmtt/m/n/10.95 After \O
T1/cmr/m/n/10.95 char-ac-ters fol-low-ing. It is re-executable. 
 []


Overfull \hbox (16.82338pt too wide) in paragraph at lines 684--691
\OT1/cmr/m/it/10.95 Template: \OT1/cmtt/m/n/10.95 sub[]atom(+atom, ?integer, ?i
nteger, ?integer, ?atom) 
 []

[33

] [34]
Overfull \hbox (3.04698pt too wide) in paragraph at lines 754--754
[]\OT1/cmtt/m/n/10 Assoc.| 
 []


Overfull \hbox (17.43304pt too wide) in paragraph at lines 776--789
 [] 
 []

[35]

LaTeX Warning: Citation `bra00' on page 36 undefined on input line 801.


Underfull \hbox (badness 10000) in paragraph at lines 810--812

 []


Underfull \hbox (badness 10000) in paragraph at lines 810--812

 []

[36

]
Overfull \hbox (3.04698pt too wide) in paragraph at lines 915--915
[]\OT1/cmtt/m/n/10 Assoc.| 
 []

[37] [38] [39] [40]) [41]
\openout2 = `java-library/java-library.aux'.

 (./java-library/java-library.tex
Chapter 6.
[42



] [43] [44] [45]

LaTeX Warning: Citation `tuprolog-padl2001' on page 46 undefined on input line 
371.

[46] [47]
Overfull \hbox (11.63338pt too wide) in paragraph at lines 460--464
\OT1/cmtt/m/n/10.95 java[]object[]bt(ClassName, ArgList, ObjId) \OT1/cmr/m/n/10
.95 has the same be-haviour
 []


Overfull \hbox (33.68144pt too wide) in paragraph at lines 470--483
\OT1/cmtt/m/n/10.95 java[]class(ClassSourceText, FullClassName, ClassPathList, 
ObjId)
 []


Overfull \hbox (44.87697pt too wide) in paragraph at lines 470--483
\OT1/cmr/m/it/10.95 Template: \OT1/cmtt/m/n/10.95 java[]class(@java[]source, @f
ull[]class[]name, @list, ?obj[]id) 
 []

[48] [49]
Overfull \hbox (4.63615pt too wide) in paragraph at lines 541--577
\OT1/cmr/m/it/10.95 Template: \OT1/cmtt/m/n/10.95 java[]array[]set(@obj[]id, @p
ositive[]integer, +obj[]id) 
 []


Overfull \hbox (32.95445pt too wide) in paragraph at lines 577--608
\OT1/cmtt/m/n/10.95 java[]array[]get(ObjArrayId, Index, ObjIdResult) \OT1/cmr/m
/n/10.95 is true iff \OT1/cmtt/m/n/10.95 ObjArrayId
 []


Overfull \hbox (4.63615pt too wide) in paragraph at lines 577--608
\OT1/cmr/m/it/10.95 Template: \OT1/cmtt/m/n/10.95 java[]array[]get(@obj[]id, @p
ositive[]integer, ?obj[]id) 
 []

[50]
Overfull \hbox (15.70839pt too wide) in paragraph at lines 608--614
\OT1/cmtt/m/n/10.95 java[]array[]length(ObjArrayId, ArrayLength) \OT1/cmr/m/n/1
0.95 is true iff \OT1/cmtt/m/n/10.95 ArrayLength
 []


Overfull \hbox (3.04698pt too wide) in paragraph at lines 646--646
[]\OT1/cmtt/m/n/10 Assoc.| 
 []

[51]
Overfull \hbox (24.4968pt too wide) in paragraph at lines 678--680
[]\OT1/cmtt/m/n/10 java -Djava.security.all=policy.all alice.tuprologx.runtime.
rmi.Daemon
 []


Underfull \hbox (badness 10000) in paragraph at lines 678--680

 []

[52] [53]
Overfull \hbox (38.99652pt too wide) in paragraph at lines 817--817
[]        \OT1/cmtt/m/n/10 class('java.lang.Class') <- forName('sun.jdbc.odbc.J
dbcOdbcDriver'),[] 
 []


Overfull \hbox (75.7462pt too wide) in paragraph at lines 817--817
[]        \OT1/cmtt/m/n/10 class('java.sql.DriverManager') <- getConnection(DBa
se, Username, Password)[] 
 []


Overfull \hbox (7.4968pt too wide) in paragraph at lines 817--817
[]        \OT1/cmtt/m/n/10 write('[ Database '), write(DBase), write(' connecte
d ]'), nl.[] 
 []


Overfull \hbox (10.86917pt too wide) in paragraph at lines 824--841
\OT1/cmtt/m/n/10.95 newInstance \OT1/cmr/m/n/10.95 method, to re-trieve spe-cif
ic con-struc-tors via the \OT1/cmtt/m/n/10.95 getConstructor
 []

[54]
Overfull \hbox (22.5055pt too wide) in paragraph at lines 895--895
[]\OT1/cmtt/m/n/8 % A user whose name is 'myName' and whose password is 'myPwd'
 gets the content of the file[] 
 []


Overfull \hbox (18.25543pt too wide) in paragraph at lines 895--895
[]\OT1/cmtt/m/n/8 % 'Counter.java' from the server whose IP address is 'srvAddr
', creates the corresponding[] 
 []


Overfull \hbox (31.00562pt too wide) in paragraph at lines 895--895
[]    \OT1/cmtt/m/n/8 get_remote_file('alice/tuprolog/test', 'Counter.java', sr
vAddr, myName, myPwd, Content),[] 
 []

) [55] [56]
\openout2 = `related-documents/related-documents.aux'.

 (./related-documents/related-documents.tex
Appendix A.

LaTeX Warning: Citation `tuprolog--padl2001' on page 57 undefined on input line
 16.

[57



]
Appendix B.

Overfull \hbox (11.01953pt too wide) in paragraph at lines 35--35
[]\OT1/cmtt/m/n/12 Responsible| 
 []


Underfull \hbox (badness 10000) in paragraph at lines 39--40
[]\OT1/cmtt/m/n/10 New chapter added, developed by about
 []


Underfull \hbox (badness 10000) in paragraph at lines 39--40
\OT1/cmtt/m/n/10 the integration of [] and Other
 []


Underfull \hbox (badness 10000) in paragraph at lines 40--41
[]\OT1/cmtt/m/n/10 developed
 []


Underfull \hbox (badness 10000) in paragraph at lines 40--41
\OT1/cmtt/m/n/10 by
 []


Overfull \hbox (11.3439pt too wide) in paragraph at lines 40--41
\OT1/cmtt/m/n/10 gpiancastelli
 []


Underfull \hbox (badness 10000) in paragraph at lines 40--41
\OT1/cmtt/m/n/10 and added
 []


Underfull \hbox (badness 10000) in paragraph at lines 42--44
[]\OT1/cmtt/m/n/10 The JavaLibrary section has been moved as a
 []


Underfull \hbox (badness 10000) in paragraph at lines 42--44
\OT1/cmtt/m/n/10 new chapter; a new section of JavaLibrary
 []


Underfull \hbox (badness 10000) in paragraph at lines 42--44
\OT1/cmtt/m/n/10 chapter has been added about the Event
 []


Underfull \hbox (badness 10000) in paragraph at lines 47--50
[]\OT1/cmtt/m/n/10 Updated with the last changes, removed
 []


Underfull \hbox (badness 10000) in paragraph at lines 47--50
\OT1/cmtt/m/n/10 part on event management (which will be
 []


Underfull \hbox (badness 10000) in paragraph at lines 47--50
\OT1/cmtt/m/n/10 in 2.0.0 version) and the integration with
 []


Underfull \hbox (badness 10000) in paragraph at lines 47--50
\OT1/cmtt/m/n/10 other environment chapter (which becomes a
 []


Overfull \hbox (17.43304pt too wide) in paragraph at lines 34--53
 [] 
 []

) [58

]
No file user-guide.bbl.
(./user-guide.aux (./what-is-tuprolog/what-is-tuprolog.aux)
(./installing-tuprolog/installing-tuprolog.aux)
(./getting-started/getting-started.aux) (./tuprolog-basics/tuprolog-basics.aux)
(./tuprolog-libraries/tuprolog-libraries.aux) (./java-library/java-library.aux)
(./related-documents/related-documents.aux))

LaTeX Font Warning: Some font shapes were not available, defaults substituted.


LaTeX Warning: There were undefined references.

 ) 
Here is how much of TeX's memory you used:
 1140 strings out of 493876
 15536 string characters out of 1150568
 75429 words of memory out of 3000000
 4380 multiletter control sequences out of 10000+50000
 15206 words of font info for 55 fonts, out of 3000000 for 5000
 714 hyphenation exceptions out of 8191
 27i,10n,22p,607b,337s stack positions out of 5000i,500n,10000p,200000b,50000s
</usr/local/texlive/2008/texmf-dist/fonts/type1/bluesky/cm/cmbx10.pfb></usr/l
ocal/texlive/2008/texmf-dist/fonts/type1/bluesky/cm/cmbx12.pfb></usr/local/texl
ive/2008/texmf-dist/fonts/type1/bluesky/cm/cmcsc10.pfb></usr/local/texlive/2008
/texmf-dist/fonts/type1/bluesky/cm/cmitt10.pfb></usr/local/texlive/2008/texmf-d
ist/fonts/type1/bluesky/cm/cmmi10.pfb></usr/local/texlive/2008/texmf-dist/fonts
/type1/bluesky/cm/cmr10.pfb></usr/local/texlive/2008/texmf-dist/fonts/type1/blu
esky/cm/cmr12.pfb></usr/local/texlive/2008/texmf-dist/fonts/type1/bluesky/cm/cm
r17.pfb></usr/local/texlive/2008/texmf-dist/fonts/type1/bluesky/cm/cmr6.pfb></u
sr/local/texlive/2008/texmf-dist/fonts/type1/bluesky/cm/cmr8.pfb></usr/local/te
xlive/2008/texmf-dist/fonts/type1/bluesky/cm/cmr9.pfb></usr/local/texlive/2008/
texmf-dist/fonts/type1/bluesky/cm/cmss10.pfb></usr/local/texlive/2008/texmf-dis
t/fonts/type1/bluesky/cm/cmss12.pfb></usr/local/texlive/2008/texmf-dist/fonts/t
ype1/bluesky/cm/cmss17.pfb></usr/local/texlive/2008/texmf-dist/fonts/type1/blue
sky/cm/cmss9.pfb></usr/local/texlive/2008/texmf-dist/fonts/type1/bluesky/cm/cms
y10.pfb></usr/local/texlive/2008/texmf-dist/fonts/type1/bluesky/cm/cmsy9.pfb></
usr/local/texlive/2008/texmf-dist/fonts/type1/bluesky/cm/cmti10.pfb></usr/local
/texlive/2008/texmf-dist/fonts/type1/bluesky/cm/cmtt10.pfb></usr/local/texlive/
2008/texmf-dist/fonts/type1/bluesky/cm/cmtt12.pfb></usr/local/texlive/2008/texm
f-dist/fonts/type1/bluesky/cm/cmtt8.pfb></usr/local/texlive/2008/texmf-dist/fon
ts/type1/bluesky/cm/cmtt9.pfb>
Output written on user-guide.pdf (59 pages, 307825 bytes).
PDF statistics:
 283 PDF objects out of 1000 (max. 8388607)
 0 named destinations out of 1000 (max. 131072)
 6 words of extra memory for PDF output out of 10000 (max. 10000000)

