This is pdfTeXk, Version 3.1415926-1.40.9 (Web2C 7.5.7) (format=pdflatex 2008.10.17)  9 FEB 2010 12:45
entering extended mode
\write18 enabled.
 %&-line parsing enabled.
**ide-guide.tex
(./ide-guide.tex
LaTeX2e <2005/12/01>
Babel <v3.8l> and hyphenation patterns for english, usenglishmax, dumylang, noh
yphenation, german-x-2008-06-18, ngerman-x-2008-06-18, ancientgreek, ibycus, ar
abic, basque, bulgarian, catalan, pinyin, coptic, croatian, czech, danish, dutc
h, esperanto, estonian, farsi, finnish, french, galician, german, ngerman, mono
greek, greek, hungarian, icelandic, indonesian, interlingua, irish, italian, la
tin, mongolian, mongolian2a, bokmal, nynorsk, polish, portuguese, romanian, rus
sian, sanskrit, serbian, slovak, slovenian, spanish, swedish, turkish, ukenglis
h, ukrainian, uppersorbian, welsh, loaded.
(/usr/local/texlive/2008/texmf-dist/tex/latex/base/report.cls
Document Class: report 2005/09/16 v1.4f Standard LaTeX document class
(/usr/local/texlive/2008/texmf-dist/tex/latex/base/size11.clo
File: size11.clo 2005/09/16 v1.4f Standard LaTeX file (size option)
)
\c@part=\count79
\c@chapter=\count80
\c@section=\count81
\c@subsection=\count82
\c@subsubsection=\count83
\c@paragraph=\count84
\c@subparagraph=\count85
\c@figure=\count86
\c@table=\count87
\abovecaptionskip=\skip41
\belowcaptionskip=\skip42
\bibindent=\dimen102
)
(/usr/local/texlive/2008/texmf-dist/tex/latex/graphics/graphicx.sty
Package: graphicx 1999/02/16 v1.0f Enhanced LaTeX Graphics (DPC,SPQR)

(/usr/local/texlive/2008/texmf-dist/tex/latex/graphics/keyval.sty
Package: keyval 1999/03/16 v1.13 key=value parser (DPC)
\KV@toks@=\toks14
)
(/usr/local/texlive/2008/texmf-dist/tex/latex/graphics/graphics.sty
Package: graphics 2006/02/20 v1.0o Standard LaTeX Graphics (DPC,SPQR)

(/usr/local/texlive/2008/texmf-dist/tex/latex/graphics/trig.sty
Package: trig 1999/03/16 v1.09 sin cos tan (DPC)
)
(/usr/local/texlive/2008/texmf/tex/latex/config/graphics.cfg
File: graphics.cfg 2007/01/18 v1.5 graphics configuration of teTeX/TeXLive
)
Package graphics Info: Driver file: pdftex.def on input line 90.

(/usr/local/texlive/2008/texmf-dist/tex/latex/pdftex-def/pdftex.def
File: pdftex.def 2008/07/16 v0.04k Graphics/color for pdfTeX
\Gread@gobject=\count88
))
\Gin@req@height=\dimen103
\Gin@req@width=\dimen104
)
No file ide-guide.aux.
\openout1 = `ide-guide.aux'.

LaTeX Font Info:    Checking defaults for OML/cmm/m/it on input line 41.
LaTeX Font Info:    ... okay on input line 41.
LaTeX Font Info:    Checking defaults for T1/cmr/m/n on input line 41.
LaTeX Font Info:    ... okay on input line 41.
LaTeX Font Info:    Checking defaults for OT1/cmr/m/n on input line 41.
LaTeX Font Info:    ... okay on input line 41.
LaTeX Font Info:    Checking defaults for OMS/cmsy/m/n on input line 41.
LaTeX Font Info:    ... okay on input line 41.
LaTeX Font Info:    Checking defaults for OMX/cmex/m/n on input line 41.
LaTeX Font Info:    ... okay on input line 41.
LaTeX Font Info:    Checking defaults for U/cmr/m/n on input line 41.
LaTeX Font Info:    ... okay on input line 41.
(/usr/local/texlive/2008/texmf-dist/tex/context/base/supp-pdf.tex
[Loading MPS to PDF converter (version 2006.09.02).]
\scratchcounter=\count89
\scratchdimen=\dimen105
\scratchbox=\box26
\nofMPsegments=\count90
\nofMParguments=\count91
\everyMPshowfont=\toks15
\MPscratchCnt=\count92
\MPscratchDim=\dimen106
\MPnumerator=\count93
\everyMPtoPDFconversion=\toks16
) <images/logo.png, id=1, 182.6825pt x 199.74625pt>
File: images/logo.png Graphic file (type png)
 <use images/logo.png>
LaTeX Font Info:    External font `cmex10' loaded for size
(Font)              <12> on input line 45.
LaTeX Font Info:    External font `cmex10' loaded for size
(Font)              <8> on input line 45.
LaTeX Font Info:    External font `cmex10' loaded for size
(Font)              <6> on input line 45.

[1

{/usr/local/texlive/2008/texmf-var/fonts/map/pdftex/updmap/pdftex.map} <./image
s/logo.png>]
No file ide-guide.toc.
\tf@toc=\write3
\openout3 = `ide-guide.toc'.

[1

]
\openout2 = `ide/ide.aux'.

 (./ide/ide.tex
Chapter 1.
<images/tuPrologIDE.png, id=17, 577.15625pt x 667.49374pt>
File: images/tuPrologIDE.png Graphic file (type png)

<use images/tuPrologIDE.png>

LaTeX Warning: Reference `tuprolog-ide' on page 2 undefined on input line 18.

LaTeX Font Info:    Try loading font information for OMS+cmr on input line 23.
(/usr/local/texlive/2008/texmf-dist/tex/latex/base/omscmr.fd
File: omscmr.fd 1999/05/25 v2.5h Standard LaTeX font definitions
)
LaTeX Font Info:    Font shape `OMS/cmr/m/n' in size <10.95> not available
(Font)              Font shape `OMS/cmsy/m/n' tried instead on input line 23.
 [2


] [3 <./images/tuPrologIDE.png>]
<images/syntaxErrorFound.png, id=29, 577.15625pt x 667.49374pt>
File: images/syntaxErrorFound.png Graphic file (type png)

<use images/syntaxErrorFound.png>
<images/setTheorySucceeded.png, id=30, 577.15625pt x 667.49374pt>
File: images/setTheorySucceeded.png Graphic file (type png)

<use images/setTheorySucceeded.png>

LaTeX Warning: Reference `syntax-error-found' on page 4 undefined on input line
 58.

LaTeX Font Info:    External font `cmex10' loaded for size
(Font)              <10.95> on input line 82.
LaTeX Font Info:    External font `cmex10' loaded for size
(Font)              <9> on input line 82.
LaTeX Font Info:    External font `cmex10' loaded for size
(Font)              <5> on input line 82.
[4] [5 <./images/syntaxErrorFound.png>] [6 <./images/setTheorySucceeded.png>]

LaTeX Warning: Reference `query-issued' on page 7 undefined on input line 108.


LaTeX Warning: Reference `next-solution-asked' on page 7 undefined on input lin
e 112.


LaTeX Warning: Reference `accept-solution' on page 7 undefined on input line 11
4.

[7] <images/queryIssued.png, id=50, 577.15625pt x 667.49374pt>
File: images/queryIssued.png Graphic file (type png)

<use images/queryIssued.png>
<images/nextSolutionAsked.png, id=51, 577.15625pt x 667.49374pt>
File: images/nextSolutionAsked.png Graphic file (type png)

<use images/nextSolutionAsked.png>
<images/acceptSolution.png, id=52, 577.15625pt x 667.49374pt>
File: images/acceptSolution.png Graphic file (type png)

<use images/acceptSolution.png>

LaTeX Warning: Reference `view-debug-information' on page 8 undefined on input 
line 167.

<images/viewDebugInformation.png, id=53, 576.1525pt x 666.49pt>
File: images/viewDebugInformation.png Graphic file (type png)

<use images/viewDebugInformation.png>

LaTeX Warning: Reference `library-manager-dialog' on page 8 undefined on input 
line 189.

<images/libraryManagerDialog.png, id=54, 276.03125pt x 273.02pt>
File: images/libraryManagerDialog.png Graphic file (type png)

<use images/libraryManagerDialog.png> [8] [9 <./images/queryIssued.png>]
[10 <./images/nextSolutionAsked.png>] [11 <./images/acceptSolution.png>]
[12 <./images/viewDebugInformation.png>]) [13 <./images/libraryManagerDialog.pn
g>] (./ide-guide.aux (./ide/ide.aux))

LaTeX Warning: There were undefined references.


LaTeX Warning: Label(s) may have changed. Rerun to get cross-references right.

 ) 
Here is how much of TeX's memory you used:
 1035 strings out of 493886
 13805 string characters out of 1151098
 65050 words of memory out of 3000000
 4332 multiletter control sequences out of 10000+50000
 11868 words of font info for 42 fonts, out of 3000000 for 5000
 714 hyphenation exceptions out of 8191
 28i,8n,20p,475b,245s stack positions out of 5000i,500n,10000p,200000b,50000s
</usr/local/texlive/2008/texmf-dist/fonts/type1/bluesky/cm/cmbx10.pfb></usr/l
ocal/texlive/2008/texmf-dist/fonts/type1/bluesky/cm/cmbx12.pfb></usr/local/texl
ive/2008/texmf-dist/fonts/type1/bluesky/cm/cmr10.pfb></usr/local/texlive/2008/t
exmf-dist/fonts/type1/bluesky/cm/cmr12.pfb></usr/local/texlive/2008/texmf-dist/
fonts/type1/bluesky/cm/cmr17.pfb></usr/local/texlive/2008/texmf-dist/fonts/type
1/bluesky/cm/cmr6.pfb></usr/local/texlive/2008/texmf-dist/fonts/type1/bluesky/c
m/cmr8.pfb></usr/local/texlive/2008/texmf-dist/fonts/type1/bluesky/cm/cmr9.pfb>
</usr/local/texlive/2008/texmf-dist/fonts/type1/bluesky/cm/cmss10.pfb></usr/loc
al/texlive/2008/texmf-dist/fonts/type1/bluesky/cm/cmss17.pfb></usr/local/texliv
e/2008/texmf-dist/fonts/type1/bluesky/cm/cmssbx10.pfb></usr/local/texlive/2008/
texmf-dist/fonts/type1/bluesky/cm/cmsy10.pfb></usr/local/texlive/2008/texmf-dis
t/fonts/type1/bluesky/cm/cmtt10.pfb></usr/local/texlive/2008/texmf-dist/fonts/t
ype1/bluesky/cm/cmtt9.pfb>
Output written on ide-guide.pdf (14 pages, 452235 bytes).
PDF statistics:
 123 PDF objects out of 1000 (max. 8388607)
 0 named destinations out of 1000 (max. 131072)
 46 words of extra memory for PDF output out of 10000 (max. 10000000)

